This is pdfTeX, Version 3.14159265-2.6-1.40.18 (TeX Live 2017) (preloaded format=latex 2017.12.20)  21 JUL 2018 12:20
entering extended mode
 restricted \write18 enabled.
 %&-line parsing enabled.
**HiggsN3LOdiff.tex
(./HiggsN3LOdiff.tex
LaTeX2e <2017-04-15>
Babel <3.15> and hyphenation patterns for 84 language(s) loaded.
(/usr/local/texlive/2017/texmf-dist/tex/latex/base/article.cls
Document Class: article 2014/09/29 v1.4h Standard LaTeX document class
(/usr/local/texlive/2017/texmf-dist/tex/latex/base/size12.clo
File: size12.clo 2014/09/29 v1.4h Standard LaTeX file (size option)
)
\c@part=\count79
\c@section=\count80
\c@subsection=\count81
\c@subsubsection=\count82
\c@paragraph=\count83
\c@subparagraph=\count84
\c@figure=\count85
\c@table=\count86
\abovecaptionskip=\skip41
\belowcaptionskip=\skip42
\bibindent=\dimen102
)
(/usr/local/texlive/2017/texmf-dist/tex/latex/graphics/graphics.sty
Package: graphics 2017/06/25 v1.2c Standard LaTeX Graphics (DPC,SPQR)

(/usr/local/texlive/2017/texmf-dist/tex/latex/graphics/trig.sty
Package: trig 2016/01/03 v1.10 sin cos tan (DPC)
)
(/usr/local/texlive/2017/texmf-dist/tex/latex/graphics-cfg/graphics.cfg
File: graphics.cfg 2016/06/04 v1.11 sample graphics configuration
)
Package graphics Info: Driver file: dvips.def on input line 99.

(/usr/local/texlive/2017/texmf-dist/tex/latex/graphics-def/dvips.def
File: dvips.def 2017/06/20 v3.1d Graphics/color driver for dvips
))
(/usr/local/texlive/2017/texmf-dist/tex/latex/amsmath/amsmath.sty
Package: amsmath 2017/09/02 v2.17a AMS math features
\@mathmargin=\skip43

For additional information on amsmath, use the `?' option.
(/usr/local/texlive/2017/texmf-dist/tex/latex/amsmath/amstext.sty
Package: amstext 2000/06/29 v2.01 AMS text

(/usr/local/texlive/2017/texmf-dist/tex/latex/amsmath/amsgen.sty
File: amsgen.sty 1999/11/30 v2.0 generic functions
\@emptytoks=\toks14
\ex@=\dimen103
))
(/usr/local/texlive/2017/texmf-dist/tex/latex/amsmath/amsbsy.sty
Package: amsbsy 1999/11/29 v1.2d Bold Symbols
\pmbraise@=\dimen104
)
(/usr/local/texlive/2017/texmf-dist/tex/latex/amsmath/amsopn.sty
Package: amsopn 2016/03/08 v2.02 operator names
)
\inf@bad=\count87
LaTeX Info: Redefining \frac on input line 213.
\uproot@=\count88
\leftroot@=\count89
LaTeX Info: Redefining \overline on input line 375.
\classnum@=\count90
\DOTSCASE@=\count91
LaTeX Info: Redefining \ldots on input line 472.
LaTeX Info: Redefining \dots on input line 475.
LaTeX Info: Redefining \cdots on input line 596.
\Mathstrutbox@=\box26
\strutbox@=\box27
\big@size=\dimen105
LaTeX Font Info:    Redeclaring font encoding OML on input line 712.
LaTeX Font Info:    Redeclaring font encoding OMS on input line 713.
\macc@depth=\count92
\c@MaxMatrixCols=\count93
\dotsspace@=\muskip10
\c@parentequation=\count94
\dspbrk@lvl=\count95
\tag@help=\toks15
\row@=\count96
\column@=\count97
\maxfields@=\count98
\andhelp@=\toks16
\eqnshift@=\dimen106
\alignsep@=\dimen107
\tagshift@=\dimen108
\tagwidth@=\dimen109
\totwidth@=\dimen110
\lineht@=\dimen111
\@envbody=\toks17
\multlinegap=\skip44
\multlinetaggap=\skip45
\mathdisplay@stack=\toks18
LaTeX Info: Redefining \[ on input line 2817.
LaTeX Info: Redefining \] on input line 2818.
)
(/usr/local/texlive/2017/texmf-dist/tex/latex/amsfonts/amssymb.sty
Package: amssymb 2013/01/14 v3.01 AMS font symbols

(/usr/local/texlive/2017/texmf-dist/tex/latex/amsfonts/amsfonts.sty
Package: amsfonts 2013/01/14 v3.01 Basic AMSFonts support
\symAMSa=\mathgroup4
\symAMSb=\mathgroup5
LaTeX Font Info:    Overwriting math alphabet `\mathfrak' in version `bold'
(Font)                  U/euf/m/n --> U/euf/b/n on input line 106.
))
(/usr/local/texlive/2017/texmf-dist/tex/latex/multirow/multirow.sty
Package: multirow 2016/11/25 v2.2 Span multiple rows of a table
\multirow@colwidth=\skip46
\multirow@cntb=\count99
\multirow@dima=\skip47
\bigstrutjot=\dimen112
)
(/usr/local/texlive/2017/texmf-dist/tex/generic/epsf/epsf.tex
This is `epsf.tex' v2.7.4 <14 February 2011>
\epsffilein=\read1
\epsfframemargin=\dimen113
\epsfframethickness=\dimen114
\epsfrsize=\dimen115
\epsftmp=\dimen116
\epsftsize=\dimen117
\epsfxsize=\dimen118
\epsfysize=\dimen119
\pspoints=\dimen120
) (./HiggsN3LOdiff.aux)
\openout1 = `HiggsN3LOdiff.aux'.

LaTeX Font Info:    Checking defaults for OML/cmm/m/it on input line 33.
LaTeX Font Info:    ... okay on input line 33.
LaTeX Font Info:    Checking defaults for T1/cmr/m/n on input line 33.
LaTeX Font Info:    ... okay on input line 33.
LaTeX Font Info:    Checking defaults for OT1/cmr/m/n on input line 33.
LaTeX Font Info:    ... okay on input line 33.
LaTeX Font Info:    Checking defaults for OMS/cmsy/m/n on input line 33.
LaTeX Font Info:    ... okay on input line 33.
LaTeX Font Info:    Checking defaults for OMX/cmex/m/n on input line 33.
LaTeX Font Info:    ... okay on input line 33.
LaTeX Font Info:    Checking defaults for U/cmr/m/n on input line 33.
LaTeX Font Info:    ... okay on input line 33.
LaTeX Font Info:    Try loading font information for U+msa on input line 48.

(/usr/local/texlive/2017/texmf-dist/tex/latex/amsfonts/umsa.fd
File: umsa.fd 2013/01/14 v3.01 AMS symbols A
)
LaTeX Font Info:    Try loading font information for U+msb on input line 48.

(/usr/local/texlive/2017/texmf-dist/tex/latex/amsfonts/umsb.fd
File: umsb.fd 2013/01/14 v3.01 AMS symbols B
) [1

] [1]
[2] [3] [4] [5] [6] [7] [8] [9] [10] [11] [12]
(./figure/finN3LO.ps
)
(./figure/CN3_new_7_point_qT1_qT2_qT3.ps
)
[13] [14] [15]
(./figure/totXsecN3LO.ps
)
[16]
(./figure/yH_B02_CN.ps
)
[17]
(./figure/yH_B02_only_N3LO_qTcut_uncert_CN3_uncert.ps
)
[18] [19]
(./figure/yH_B02_best.ps
)
[20] [21] [22] [23] [24]
Missing character: There is no Ê in font cmr12!
Missing character: There is no Ê in font cmr12!
Missing character: There is no Ê in font cmr12!
Missing character: There is no Ê in font cmr12!
Missing character: There is no Ê in font cmr12!
Missing character: There is no Ê in font cmr12!
Missing character: There is no Ê in font cmr12!
Missing character: There is no Ê in font cmr12!
Missing character: There is no Ê in font cmr12!
Missing character: There is no Ê in font cmr12!
Missing character: There is no Ê in font cmr12!
Missing character: There is no Ê in font cmr12!
Missing character: There is no Ê in font cmr12!
Missing character: There is no Ê in font cmr12!
Missing character: There is no Ê in font cmr12!
Missing character: There is no Ê in font cmr12!
Missing character: There is no Ê in font cmr12!
Missing character: There is no Ê in font cmr12!
Missing character: There is no Ê in font cmr12!
Missing character: There is no Ê in font cmr12!
Missing character: There is no Ê in font cmr12!

Underfull \hbox (badness 1028) in paragraph at lines 1310--1332
[]\OT1/cmr/m/n/12 A. Gehrmann-De Rid-der, T. Gehrmann and E. W. N. Glover, JHEP
 \OT1/cmr/bx/n/12 0509 \OT1/cmr/m/n/12 (2005)
 []

Missing character: There is no Ê in font cmr12!
Missing character: There is no Ê in font cmr12!
Missing character: There is no Ê in font cmr12!
Missing character: There is no Ê in font cmr12!
Missing character: There is no Ê in font cmr12!
Missing character: There is no Ê in font cmr12!
Missing character: There is no Ê in font cmr12!
Missing character: There is no Ê in font cmr12!
Missing character: There is no Ê in font cmr12!
Missing character: There is no Ê in font cmr12!
Missing character: There is no Ê in font cmr12!
Missing character: There is no Ê in font cmr12!
Missing character: There is no Ê in font cmr12!
Missing character: There is no Ê in font cmr12!
Missing character: There is no Ê in font cmr12!
Missing character: There is no Ê in font cmr12!
Missing character: There is no Ê in font cmr12!
Missing character: There is no Ê in font cmr12!
Missing character: There is no Ê in font cmr12!
Missing character: There is no Ê in font cmr12!
[25]
Missing character: There is no Ê in font cmr12!
Missing character: There is no Ê in font cmr12!
Missing character: There is no Ê in font cmr12!
Missing character: There is no Ê in font cmr12!
Missing character: There is no Ê in font cmr12!
Missing character: There is no Ê in font cmr12!
Missing character: There is no Ê in font cmr12!
Missing character: There is no Ê in font cmr12!
Missing character: There is no Ê in font cmr12!
Missing character: There is no Ê in font cmr12!
Missing character: There is no Ê in font cmr12!
Missing character: There is no Ê in font cmr12!
Missing character: There is no Ê in font cmr12!
Missing character: There is no Ê in font cmr12!
Missing character: There is no Ê in font cmr12!
Missing character: There is no Ê in font cmr12!
Missing character: There is no Ê in font cmr12!
Missing character: There is no Ê in font cmr12!
Missing character: There is no Ê in font cmr12!
Missing character: There is no Ê in font cmr12!

Underfull \hbox (badness 1552) in paragraph at lines 1575--1590
[]\OT1/cmr/m/n/12 T. Gehrmann, T. L^^?ubbert and L. L. Yang, Phys. Rev. Lett. \
OT1/cmr/bx/n/12 109 \OT1/cmr/m/n/12 (2012) 242003
 []

[26]
Missing character: There is no Ê in font cmr12!
Missing character: There is no Ê in font cmr12!
Missing character: There is no Ê in font cmr12!
Missing character: There is no Ê in font cmr12!
Missing character: There is no Ê in font cmr12!
Missing character: There is no Ê in font cmr12!
Missing character: There is no Ê in font cmr12!
Missing character: There is no Ê in font cmr12!
Missing character: There is no Ê in font cmr12!
Missing character: There is no Ê in font cmr12!
Missing character: There is no Ê in font cmr12!
Missing character: There is no Ê in font cmr12!
Missing character: There is no Ê in font cmr12!
Missing character: There is no Ê in font cmr12!
Missing character: There is no Ê in font cmr12!
Missing character: There is no Ê in font cmr12!
Missing character: There is no Ê in font cmr12!
Missing character: There is no Ê in font cmr12!
Missing character: There is no Ê in font cmr12!
Missing character: There is no Ê in font cmr12!
Missing character: There is no Ê in font cmr12!
Missing character: There is no Ê in font cmr12!
Missing character: There is no Ê in font cmr12!
Missing character: There is no Ê in font cmr12!
Missing character: There is no Ê in font cmr12!
Missing character: There is no Ê in font cmr12!
Missing character: There is no Ê in font cmr12!
Missing character: There is no Ê in font cmr12!
Missing character: There is no Ê in font cmr12!
Missing character: There is no Ê in font cmr12!
Missing character: There is no Ê in font cmr12!
Missing character: There is no Ê in font cmr12!
Missing character: There is no Ê in font cmr12!
 [27]
Missing character: There is no Ê in font cmr12!
Missing character: There is no Ê in font cmr12!
Missing character: There is no Ê in font cmr12!
Missing character: There is no Ê in font cmr12!
Missing character: There is no Ê in font cmr12!
Missing character: There is no Ê in font cmr12!
Missing character: There is no Ê in font cmr12!
Missing character: There is no Ê in font cmr12!
Missing character: There is no Ê in font cmr12!
Missing character: There is no Ê in font cmr12!
Missing character: There is no Ê in font cmr12!
Missing character: There is no Ê in font cmr12!
Missing character: There is no Ê in font cmr12!
Missing character: There is no Ê in font cmr12!
Missing character: There is no Ê in font cmr12!
Missing character: There is no Ê in font cmr12!
Missing character: There is no Ê in font cmr12!
Missing character: There is no Ê in font cmr12!
Missing character: There is no Ê in font cmr12!
Missing character: There is no Ê in font cmr12!
Missing character: There is no Ê in font cmr12!
Missing character: There is no Ê in font cmr12!
Missing character: There is no Ê in font cmr12!
Missing character: There is no Ê in font cmr12!
 [28] (./HiggsN3LOdiff.aux) ) 
Here is how much of TeX's memory you used:
 1691 strings out of 492986
 20086 string characters out of 6132611
 93605 words of memory out of 5000000
 5256 multiletter control sequences out of 15000+600000
 16060 words of font info for 62 fonts, out of 8000000 for 9000
 1141 hyphenation exceptions out of 8191
 27i,16n,26p,2759b,317s stack positions out of 5000i,500n,10000p,200000b,80000s

Output written on HiggsN3LOdiff.dvi (29 pages, 149944 bytes).
